<?xml version="1.0" encoding="UTF-8"?>
<testng-results ignored="0" total="1" passed="1" failed="0" skipped="0">
  <reporter-output>
  </reporter-output>
  <suite started-at="2024-06-09T16:33:15 IST" name="Suite" finished-at="2024-06-09T16:33:28 IST" duration-ms="13540">
    <groups>
    </groups>
    <test started-at="2024-06-09T16:33:15 IST" name="Test" finished-at="2024-06-09T16:33:28 IST" duration-ms="13540">
      <class name="com.Login.Login">
        <test-method is-config="true" signature="before(java.lang.String,java.lang.String)[pri:0, instance:com.Login.Login@5f049ea1]" started-at="2024-06-09T16:33:10 IST" name="before" finished-at="2024-06-09T16:33:15 IST" duration-ms="5066" status="PASS">
          <params>
            <param index="0">
              <value>
                <![CDATA[chrome]]>
              </value>
            </param>
            <param index="1">
              <value>
                <![CDATA[https://www.amazon.in/]]>
              </value>
            </param>
          </params>
          <reporter-output>
          </reporter-output>
        </test-method> <!-- before -->
        <test-method is-config="true" signature="before()[pri:0, instance:com.Login.Login@5f049ea1]" started-at="2024-06-09T16:33:15 IST" name="before" finished-at="2024-06-09T16:33:18 IST" duration-ms="3167" status="PASS">
          <reporter-output>
          </reporter-output>
        </test-method> <!-- before -->
        <test-method signature="login()[pri:0, instance:com.Login.Login@5f049ea1]" started-at="2024-06-09T16:33:18 IST" name="login" finished-at="2024-06-09T16:33:28 IST" duration-ms="10195" status="PASS">
          <reporter-output>
          </reporter-output>
        </test-method> <!-- login -->
        <test-method is-config="true" signature="after()[pri:0, instance:com.Login.Login@5f049ea1]" started-at="2024-06-09T16:33:29 IST" name="after" finished-at="2024-06-09T16:33:30 IST" duration-ms="1191" status="PASS">
          <reporter-output>
          </reporter-output>
        </test-method> <!-- after -->
      </class> <!-- com.Login.Login -->
    </test> <!-- Test -->
  </suite> <!-- Suite -->
</testng-results>
